<?xml version="1.0" encoding="UTF-8"?>
<testng-results skipped="0" failed="2" ignored="0" total="5" passed="3">
  <reporter-output>
  </reporter-output>
  <suite name="Default suite" duration-ms="41854" started-at="2021-06-25T21:02:10 EDT" finished-at="2021-06-25T21:02:52 EDT">
    <groups>
      <group name="SanityTest">
        <method signature="UPSTestRunner.SignUpErrorMessageTest()[pri:3, instance:ups.pack.UPSTestRunner@51e2adc7]" name="SignUpErrorMessageTest" class="ups.pack.UPSTestRunner"/>
        <method signature="UPSTestRunner.loginErrorMessageTest()[pri:3, instance:ups.pack.UPSTestRunner@51e2adc7]" name="loginErrorMessageTest" class="ups.pack.UPSTestRunner"/>
        <method signature="UPSTestRunner.myDemoTest1()[pri:2, instance:ups.pack.UPSTestRunner@51e2adc7]" name="myDemoTest1" class="ups.pack.UPSTestRunner"/>
      </group> <!-- SanityTest -->
      <group name="RegressionTest">
        <method signature="UPSTestRunner.myDemoTest2()[pri:1, instance:ups.pack.UPSTestRunner@51e2adc7]" name="myDemoTest2" class="ups.pack.UPSTestRunner"/>
        <method signature="UPSTestRunner.signUpLinkTest()[pri:4, instance:ups.pack.UPSTestRunner@51e2adc7]" name="signUpLinkTest" class="ups.pack.UPSTestRunner"/>
      </group> <!-- RegressionTest -->
    </groups>
    <test name="Default test" duration-ms="41854" started-at="2021-06-25T21:02:10 EDT" finished-at="2021-06-25T21:02:52 EDT">
      <class name="ups.pack.UPSTestRunner">
        <test-method status="PASS" signature="beforeMethod()[pri:0, instance:ups.pack.UPSTestRunner@51e2adc7]" name="beforeMethod" is-config="true" duration-ms="1501" started-at="2021-06-25T21:02:10 EDT" finished-at="2021-06-25T21:02:11 EDT">
          <reporter-output>
          </reporter-output>
        </test-method> <!-- beforeMethod -->
        <test-method status="PASS" signature="myDemoTest2()[pri:1, instance:ups.pack.UPSTestRunner@51e2adc7]" name="myDemoTest2" duration-ms="4" started-at="2021-06-25T21:02:11 EDT" finished-at="2021-06-25T21:02:11 EDT">
          <reporter-output>
          </reporter-output>
        </test-method> <!-- myDemoTest2 -->
        <test-method status="PASS" signature="afterMethod()[pri:0, instance:ups.pack.UPSTestRunner@51e2adc7]" name="afterMethod" is-config="true" duration-ms="63" started-at="2021-06-25T21:02:11 EDT" finished-at="2021-06-25T21:02:12 EDT">
          <reporter-output>
          </reporter-output>
        </test-method> <!-- afterMethod -->
        <test-method status="PASS" signature="beforeMethod()[pri:0, instance:ups.pack.UPSTestRunner@51e2adc7]" name="beforeMethod" is-config="true" duration-ms="996" started-at="2021-06-25T21:02:12 EDT" finished-at="2021-06-25T21:02:13 EDT">
          <reporter-output>
          </reporter-output>
        </test-method> <!-- beforeMethod -->
        <test-method status="PASS" signature="myDemoTest1()[pri:2, instance:ups.pack.UPSTestRunner@51e2adc7]" name="myDemoTest1" duration-ms="1" started-at="2021-06-25T21:02:13 EDT" finished-at="2021-06-25T21:02:13 EDT">
          <reporter-output>
          </reporter-output>
        </test-method> <!-- myDemoTest1 -->
        <test-method status="PASS" signature="afterMethod()[pri:0, instance:ups.pack.UPSTestRunner@51e2adc7]" name="afterMethod" is-config="true" duration-ms="60" started-at="2021-06-25T21:02:13 EDT" finished-at="2021-06-25T21:02:13 EDT">
          <reporter-output>
          </reporter-output>
        </test-method> <!-- afterMethod -->
        <test-method status="PASS" signature="beforeMethod()[pri:0, instance:ups.pack.UPSTestRunner@51e2adc7]" name="beforeMethod" is-config="true" duration-ms="994" started-at="2021-06-25T21:02:13 EDT" finished-at="2021-06-25T21:02:14 EDT">
          <reporter-output>
          </reporter-output>
        </test-method> <!-- beforeMethod -->
        <test-method status="FAIL" signature="SignUpErrorMessageTest()[pri:3, instance:ups.pack.UPSTestRunner@51e2adc7]" name="SignUpErrorMessageTest" duration-ms="11436" started-at="2021-06-25T21:02:14 EDT" finished-at="2021-06-25T21:02:25 EDT">
          <exception class="org.openqa.selenium.ElementClickInterceptedException">
            <message>
              <![CDATA[element click intercepted: Element <a target="_blank" class="ups-link ups-new-window" style="display: block;" href="https://www.ups.com/assets/resources/media/en_US/GTC.pdf">...</a> is not clickable at point (647, 559). Other element would receive the click: <div class="implicit_privacy_prompt_content">...</div>
  (Session info: chrome=91.0.4472.101)
Build info: version: '3.141.59', revision: 'e82be7d358', time: '2018-11-14T08:17:03'
System info: host: 'DESKTOP-SEAR8MD', ip: '192.168.0.6', os.name: 'Windows 10', os.arch: 'amd64', os.version: '10.0', java.version: '1.8.0_281'
Driver info: org.openqa.selenium.chrome.ChromeDriver
Capabilities {acceptInsecureCerts: false, browserName: chrome, browserVersion: 91.0.4472.101, chrome: {chromedriverVersion: 91.0.4472.19 (1bf021f248676..., userDataDir: C:\Users\abids\AppData\Loca...}, goog:chromeOptions: {debuggerAddress: localhost:54165}, javascriptEnabled: true, networkConnectionEnabled: false, pageLoadStrategy: normal, platform: WINDOWS, platformName: WINDOWS, proxy: Proxy(), setWindowRect: true, strictFileInteractability: false, timeouts: {implicit: 0, pageLoad: 300000, script: 30000}, unhandledPromptBehavior: dismiss and notify, webauthn:extension:largeBlob: true, webauthn:virtualAuthenticators: true}
Session ID: b5e9a7d90d67e5f7f129da698cf41419]]>
            </message>
            <full-stacktrace>
              <![CDATA[org.openqa.selenium.ElementClickInterceptedException: element click intercepted: Element <a target="_blank" class="ups-link ups-new-window" style="display: block;" href="https://www.ups.com/assets/resources/media/en_US/GTC.pdf">...</a> is not clickable at point (647, 559). Other element would receive the click: <div class="implicit_privacy_prompt_content">...</div>
  (Session info: chrome=91.0.4472.101)
Build info: version: '3.141.59', revision: 'e82be7d358', time: '2018-11-14T08:17:03'
System info: host: 'DESKTOP-SEAR8MD', ip: '192.168.0.6', os.name: 'Windows 10', os.arch: 'amd64', os.version: '10.0', java.version: '1.8.0_281'
Driver info: org.openqa.selenium.chrome.ChromeDriver
Capabilities {acceptInsecureCerts: false, browserName: chrome, browserVersion: 91.0.4472.101, chrome: {chromedriverVersion: 91.0.4472.19 (1bf021f248676..., userDataDir: C:\Users\abids\AppData\Loca...}, goog:chromeOptions: {debuggerAddress: localhost:54165}, javascriptEnabled: true, networkConnectionEnabled: false, pageLoadStrategy: normal, platform: WINDOWS, platformName: WINDOWS, proxy: Proxy(), setWindowRect: true, strictFileInteractability: false, timeouts: {implicit: 0, pageLoad: 300000, script: 30000}, unhandledPromptBehavior: dismiss and notify, webauthn:extension:largeBlob: true, webauthn:virtualAuthenticators: true}
Session ID: b5e9a7d90d67e5f7f129da698cf41419
at sun.reflect.NativeConstructorAccessorImpl.newInstance0(Native Method)
at sun.reflect.NativeConstructorAccessorImpl.newInstance(NativeConstructorAccessorImpl.java:62)
at sun.reflect.DelegatingConstructorAccessorImpl.newInstance(DelegatingConstructorAccessorImpl.java:45)
at java.lang.reflect.Constructor.newInstance(Constructor.java:423)
at org.openqa.selenium.remote.http.W3CHttpResponseCodec.createException(W3CHttpResponseCodec.java:187)
at org.openqa.selenium.remote.http.W3CHttpResponseCodec.decode(W3CHttpResponseCodec.java:122)
at org.openqa.selenium.remote.http.W3CHttpResponseCodec.decode(W3CHttpResponseCodec.java:49)
at org.openqa.selenium.remote.HttpCommandExecutor.execute(HttpCommandExecutor.java:158)
at org.openqa.selenium.remote.service.DriverCommandExecutor.execute(DriverCommandExecutor.java:83)
at org.openqa.selenium.remote.RemoteWebDriver.execute(RemoteWebDriver.java:552)
at org.openqa.selenium.remote.RemoteWebElement.execute(RemoteWebElement.java:285)
at org.openqa.selenium.remote.RemoteWebElement.click(RemoteWebElement.java:84)
at ups.pack.UpsLoginPage.clickacceptButton(UpsLoginPage.java:80)
at ups.pack.UPSTestRunner.SignUpErrorMessageTest(UPSTestRunner.java:63)
at sun.reflect.NativeMethodAccessorImpl.invoke0(Native Method)
at sun.reflect.NativeMethodAccessorImpl.invoke(NativeMethodAccessorImpl.java:62)
at sun.reflect.DelegatingMethodAccessorImpl.invoke(DelegatingMethodAccessorImpl.java:43)
at java.lang.reflect.Method.invoke(Method.java:498)
at org.testng.internal.MethodInvocationHelper.invokeMethod(MethodInvocationHelper.java:132)
at org.testng.internal.TestInvoker.invokeMethod(TestInvoker.java:599)
at org.testng.internal.TestInvoker.invokeTestMethod(TestInvoker.java:174)
at org.testng.internal.MethodRunner.runInSequence(MethodRunner.java:46)
at org.testng.internal.TestInvoker$MethodInvocationAgent.invoke(TestInvoker.java:822)
at org.testng.internal.TestInvoker.invokeTestMethods(TestInvoker.java:147)
at org.testng.internal.TestMethodWorker.invokeTestMethods(TestMethodWorker.java:146)
at org.testng.internal.TestMethodWorker.run(TestMethodWorker.java:128)
at java.util.ArrayList.forEach(ArrayList.java:1259)
at org.testng.TestRunner.privateRun(TestRunner.java:764)
at org.testng.TestRunner.run(TestRunner.java:585)
at org.testng.SuiteRunner.runTest(SuiteRunner.java:384)
at org.testng.SuiteRunner.runSequentially(SuiteRunner.java:378)
at org.testng.SuiteRunner.privateRun(SuiteRunner.java:337)
at org.testng.SuiteRunner.run(SuiteRunner.java:286)
at org.testng.SuiteRunnerWorker.runSuite(SuiteRunnerWorker.java:53)
at org.testng.SuiteRunnerWorker.run(SuiteRunnerWorker.java:96)
at org.testng.TestNG.runSuitesSequentially(TestNG.java:1218)
at org.testng.TestNG.runSuitesLocally(TestNG.java:1140)
at org.testng.TestNG.runSuites(TestNG.java:1069)
at org.testng.TestNG.run(TestNG.java:1037)
at org.testng.remote.AbstractRemoteTestNG.run(AbstractRemoteTestNG.java:115)
at org.testng.remote.RemoteTestNG.initAndRun(RemoteTestNG.java:251)
at org.testng.remote.RemoteTestNG.main(RemoteTestNG.java:77)
]]>
            </full-stacktrace>
          </exception> <!-- org.openqa.selenium.ElementClickInterceptedException -->
          <reporter-output>
          </reporter-output>
        </test-method> <!-- SignUpErrorMessageTest -->
        <test-method status="PASS" signature="afterMethod()[pri:0, instance:ups.pack.UPSTestRunner@51e2adc7]" name="afterMethod" is-config="true" duration-ms="4174" started-at="2021-06-25T21:02:25 EDT" finished-at="2021-06-25T21:02:29 EDT">
          <reporter-output>
          </reporter-output>
        </test-method> <!-- afterMethod -->
        <test-method status="PASS" signature="beforeMethod()[pri:0, instance:ups.pack.UPSTestRunner@51e2adc7]" name="beforeMethod" is-config="true" duration-ms="987" started-at="2021-06-25T21:02:29 EDT" finished-at="2021-06-25T21:02:30 EDT">
          <reporter-output>
          </reporter-output>
        </test-method> <!-- beforeMethod -->
        <test-method status="FAIL" signature="loginErrorMessageTest()[pri:3, instance:ups.pack.UPSTestRunner@51e2adc7]" name="loginErrorMessageTest" duration-ms="4047" started-at="2021-06-25T21:02:30 EDT" finished-at="2021-06-25T21:02:34 EDT">
          <exception class="java.lang.AssertionError">
            <message>
              <![CDATA[null]]>
            </message>
            <full-stacktrace>
              <![CDATA[java.lang.AssertionError: null
at org.testng.Assert.fail(Assert.java:99)
at org.testng.Assert.fail(Assert.java:106)
at ups.pack.UPSTestRunner.loginErrorMessageTest(UPSTestRunner.java:37)
at sun.reflect.NativeMethodAccessorImpl.invoke0(Native Method)
at sun.reflect.NativeMethodAccessorImpl.invoke(NativeMethodAccessorImpl.java:62)
at sun.reflect.DelegatingMethodAccessorImpl.invoke(DelegatingMethodAccessorImpl.java:43)
at java.lang.reflect.Method.invoke(Method.java:498)
at org.testng.internal.MethodInvocationHelper.invokeMethod(MethodInvocationHelper.java:132)
at org.testng.internal.TestInvoker.invokeMethod(TestInvoker.java:599)
at org.testng.internal.TestInvoker.invokeTestMethod(TestInvoker.java:174)
at org.testng.internal.MethodRunner.runInSequence(MethodRunner.java:46)
at org.testng.internal.TestInvoker$MethodInvocationAgent.invoke(TestInvoker.java:822)
at org.testng.internal.TestInvoker.invokeTestMethods(TestInvoker.java:147)
at org.testng.internal.TestMethodWorker.invokeTestMethods(TestMethodWorker.java:146)
at org.testng.internal.TestMethodWorker.run(TestMethodWorker.java:128)
at java.util.ArrayList.forEach(ArrayList.java:1259)
at org.testng.TestRunner.privateRun(TestRunner.java:764)
at org.testng.TestRunner.run(TestRunner.java:585)
at org.testng.SuiteRunner.runTest(SuiteRunner.java:384)
at org.testng.SuiteRunner.runSequentially(SuiteRunner.java:378)
at org.testng.SuiteRunner.privateRun(SuiteRunner.java:337)
at org.testng.SuiteRunner.run(SuiteRunner.java:286)
at org.testng.SuiteRunnerWorker.runSuite(SuiteRunnerWorker.java:53)
at org.testng.SuiteRunnerWorker.run(SuiteRunnerWorker.java:96)
at org.testng.TestNG.runSuitesSequentially(TestNG.java:1218)
at org.testng.TestNG.runSuitesLocally(TestNG.java:1140)
at org.testng.TestNG.runSuites(TestNG.java:1069)
at org.testng.TestNG.run(TestNG.java:1037)
at org.testng.remote.AbstractRemoteTestNG.run(AbstractRemoteTestNG.java:115)
at org.testng.remote.RemoteTestNG.initAndRun(RemoteTestNG.java:251)
at org.testng.remote.RemoteTestNG.main(RemoteTestNG.java:77)
]]>
            </full-stacktrace>
          </exception> <!-- java.lang.AssertionError -->
          <reporter-output>
          </reporter-output>
        </test-method> <!-- loginErrorMessageTest -->
        <test-method status="PASS" signature="afterMethod()[pri:0, instance:ups.pack.UPSTestRunner@51e2adc7]" name="afterMethod" is-config="true" duration-ms="4162" started-at="2021-06-25T21:02:34 EDT" finished-at="2021-06-25T21:02:38 EDT">
          <reporter-output>
          </reporter-output>
        </test-method> <!-- afterMethod -->
        <test-method status="PASS" signature="beforeMethod()[pri:0, instance:ups.pack.UPSTestRunner@51e2adc7]" name="beforeMethod" is-config="true" duration-ms="1003" started-at="2021-06-25T21:02:38 EDT" finished-at="2021-06-25T21:02:39 EDT">
          <reporter-output>
          </reporter-output>
        </test-method> <!-- beforeMethod -->
        <test-method status="PASS" signature="signUpLinkTest()[pri:4, instance:ups.pack.UPSTestRunner@51e2adc7]" name="signUpLinkTest" duration-ms="8257" started-at="2021-06-25T21:02:39 EDT" finished-at="2021-06-25T21:02:48 EDT">
          <reporter-output>
          </reporter-output>
        </test-method> <!-- signUpLinkTest -->
        <test-method status="PASS" signature="afterMethod()[pri:0, instance:ups.pack.UPSTestRunner@51e2adc7]" name="afterMethod" is-config="true" duration-ms="4134" started-at="2021-06-25T21:02:48 EDT" finished-at="2021-06-25T21:02:52 EDT">
          <reporter-output>
          </reporter-output>
        </test-method> <!-- afterMethod -->
      </class> <!-- ups.pack.UPSTestRunner -->
    </test> <!-- Default test -->
  </suite> <!-- Default suite -->
</testng-results>
